<?xml version="1.0" encoding="UTF-8"?>
<!-- Generated by org.testng.reporters.JUnitXMLReporter -->
<testsuite hostname="DESKTOP-Q4R4JJE" ignored="0" name="Default test" tests="12" failures="0" timestamp="2020-05-14T22:41:42 CEST" time="0.075" errors="0">
  <testcase name="addTest" time="0.008" classname="test.CalculatorTest"/>
  <testcase name="addTest" time="0.001" classname="test.CalculatorTest"/>
  <testcase name="addTest" time="0.001" classname="test.CalculatorTest"/>
  <testcase name="addTest" time="0.001" classname="test.CalculatorTest"/>
  <testcase name="divTest" time="0.001" classname="test.CalculatorTest"/>
  <testcase name="divTest" time="0.0" classname="test.CalculatorTest"/>
  <testcase name="divTest" time="0.001" classname="test.CalculatorTest"/>
  <testcase name="divTest" time="0.001" classname="test.CalculatorTest"/>
  <testcase name="setValueTest" time="0.001" classname="test.CalculatorTest"/>
  <testcase name="setValueTest" time="0.0" classname="test.CalculatorTest"/>
  <testcase name="setValueTest" time="0.001" classname="test.CalculatorTest"/>
  <testcase name="setValueTest" time="0.0" classname="test.CalculatorTest"/>
</testsuite> <!-- Default test -->
