<?xml version="1.0" encoding="UTF-8"?>
<!-- Generated by org.testng.reporters.JUnitXMLReporter -->
<testsuite hostname="DESKTOP-Q4R4JJE" ignored="0" name="Test" tests="3" failures="0" timestamp="2020-05-15T20:24:40 CEST" time="93.785" errors="0">
  <testcase name="logInNonRegisteredUsertest" time="1.204" classname="test.LogInAndRegisterTest"/>
  <testcase name="addProducts" time="47.608" classname="test.ProductMenagementTest"/>
  <testcase name="priceChange" time="8.536" classname="test.ProductMenagementTest"/>
</testsuite> <!-- Test -->
